2014/05/24 22:04:07 [error] [exception.CHttpException.404] exception 'CHttpException' with message 'Unable to resolve the request "gii/default/index".' in /home/alex/htdocs/softlab/softlab-web/web/framework/web/CWebApplication.php:286
Stack trace:
#0 /home/alex/htdocs/softlab/softlab-web/web/framework/web/CWebApplication.php(141): CWebApplication->runController('gii/default/ind...')
#1 /home/alex/htdocs/softlab/softlab-web/web/framework/base/CApplication.php(180): CWebApplication->processRequest()
#2 /home/alex/htdocs/softlab/softlab-web/web/index.igolub.php(13): CApplication->run()
#3 {main}
REQUEST_URI=/alex/softlab/softlab-web/web/index.igolub.php?r=gii/default/index
---
2014/05/24 22:04:12 [error] [exception.CHttpException.404] exception 'CHttpException' with message 'Unable to resolve the request "gii".' in /home/alex/htdocs/softlab/softlab-web/web/framework/web/CWebApplication.php:286
Stack trace:
#0 /home/alex/htdocs/softlab/softlab-web/web/framework/web/CWebApplication.php(141): CWebApplication->runController('gii')
#1 /home/alex/htdocs/softlab/softlab-web/web/framework/base/CApplication.php(180): CWebApplication->processRequest()
#2 /home/alex/htdocs/softlab/softlab-web/web/index.igolub.php(13): CApplication->run()
#3 {main}
REQUEST_URI=/alex/softlab/softlab-web/web/index.igolub.php?r=gii
---
2014/05/25 20:42:20 [error] [exception.CException] exception 'CException' with message 'SiteController cannot find the requested view "debug".' in /home/alex/htdocs/softlab/softlab-web/web/framework/web/CController.php:878
Stack trace:
#0 /home/alex/htdocs/softlab/softlab-web/web/themes/softlab-start/views/layouts/main.php(23): CController->renderPartial('debug')
#1 /home/alex/htdocs/softlab/softlab-web/web/framework/web/CBaseController.php(126): require('/home/alex/htdo...')
#2 /home/alex/htdocs/softlab/softlab-web/web/framework/web/CBaseController.php(95): CBaseController->renderInternal('/home/alex/htdo...', Array, true)
#3 /home/alex/htdocs/softlab/softlab-web/web/framework/web/widgets/CContentDecorator.php(76): CBaseController->renderFile('/home/alex/htdo...', Array, true)
#4 /home/alex/htdocs/softlab/softlab-web/web/framework/web/widgets/CContentDecorator.php(54): CContentDecorator->decorate('<div id="conten...')
#5 /home/alex/htdocs/softlab/softlab-web/web/framework/web/widgets/COutputProcessor.php(44): CContentDecorator->processOutput('<div id="conten...')
#6 /home/alex/htdocs/softlab/softlab-web/web/framework/web/CBaseController.php(206): COutputProcessor->run()
#7 /home/alex/htdocs/softlab/softlab-web/web/framework/web/CBaseController.php(300): CBaseController->endWidget('CContentDecorat...')
#8 /home/alex/htdocs/softlab/softlab-web/web/themes/softlab-start/views/layouts/column1.php(6): CBaseController->endContent()
#9 /home/alex/htdocs/softlab/softlab-web/web/framework/web/CBaseController.php(126): require('/home/alex/htdo...')
#10 /home/alex/htdocs/softlab/softlab-web/web/framework/web/CBaseController.php(95): CBaseController->renderInternal('/home/alex/htdo...', Array, true)
#11 /home/alex/htdocs/softlab/softlab-web/web/framework/web/CController.php(784): CBaseController->renderFile('/home/alex/htdo...', Array, true)
#12 /home/alex/htdocs/softlab/softlab-web/web/protected/controllers/SiteController.php(32): CController->render('index')
#13 /home/alex/htdocs/softlab/softlab-web/web/framework/web/actions/CInlineAction.php(49): SiteController->actionIndex()
#14 /home/alex/htdocs/softlab/softlab-web/web/framework/web/CController.php(308): CInlineAction->runWithParams(Array)
#15 /home/alex/htdocs/softlab/softlab-web/web/framework/web/CController.php(286): CController->runAction(Object(CInlineAction))
#16 /home/alex/htdocs/softlab/softlab-web/web/framework/web/CController.php(265): CController->runActionWithFilters(Object(CInlineAction), Array)
#17 /home/alex/htdocs/softlab/softlab-web/web/framework/web/CWebApplication.php(282): CController->run('')
#18 /home/alex/htdocs/softlab/softlab-web/web/framework/web/CWebApplication.php(141): CWebApplication->runController('')
#19 /home/alex/htdocs/softlab/softlab-web/web/framework/base/CApplication.php(180): CWebApplication->processRequest()
#20 /home/alex/htdocs/softlab/softlab-web/web/index.arekx.php(13): CApplication->run()
#21 {main}
REQUEST_URI=/alex/softlab/softlab-web/web/index.arekx.php
---
2014/05/25 20:42:32 [error] [exception.CException] exception 'CException' with message 'SiteController cannot find the requested view "layouts/debug".' in /home/alex/htdocs/softlab/softlab-web/web/framework/web/CController.php:878
Stack trace:
#0 /home/alex/htdocs/softlab/softlab-web/web/themes/softlab-start/views/layouts/main.php(23): CController->renderPartial('layouts/debug')
#1 /home/alex/htdocs/softlab/softlab-web/web/framework/web/CBaseController.php(126): require('/home/alex/htdo...')
#2 /home/alex/htdocs/softlab/softlab-web/web/framework/web/CBaseController.php(95): CBaseController->renderInternal('/home/alex/htdo...', Array, true)
#3 /home/alex/htdocs/softlab/softlab-web/web/framework/web/widgets/CContentDecorator.php(76): CBaseController->renderFile('/home/alex/htdo...', Array, true)
#4 /home/alex/htdocs/softlab/softlab-web/web/framework/web/widgets/CContentDecorator.php(54): CContentDecorator->decorate('<div id="conten...')
#5 /home/alex/htdocs/softlab/softlab-web/web/framework/web/widgets/COutputProcessor.php(44): CContentDecorator->processOutput('<div id="conten...')
#6 /home/alex/htdocs/softlab/softlab-web/web/framework/web/CBaseController.php(206): COutputProcessor->run()
#7 /home/alex/htdocs/softlab/softlab-web/web/framework/web/CBaseController.php(300): CBaseController->endWidget('CContentDecorat...')
#8 /home/alex/htdocs/softlab/softlab-web/web/themes/softlab-start/views/layouts/column1.php(6): CBaseController->endContent()
#9 /home/alex/htdocs/softlab/softlab-web/web/framework/web/CBaseController.php(126): require('/home/alex/htdo...')
#10 /home/alex/htdocs/softlab/softlab-web/web/framework/web/CBaseController.php(95): CBaseController->renderInternal('/home/alex/htdo...', Array, true)
#11 /home/alex/htdocs/softlab/softlab-web/web/framework/web/CController.php(784): CBaseController->renderFile('/home/alex/htdo...', Array, true)
#12 /home/alex/htdocs/softlab/softlab-web/web/protected/controllers/SiteController.php(32): CController->render('index')
#13 /home/alex/htdocs/softlab/softlab-web/web/framework/web/actions/CInlineAction.php(49): SiteController->actionIndex()
#14 /home/alex/htdocs/softlab/softlab-web/web/framework/web/CController.php(308): CInlineAction->runWithParams(Array)
#15 /home/alex/htdocs/softlab/softlab-web/web/framework/web/CController.php(286): CController->runAction(Object(CInlineAction))
#16 /home/alex/htdocs/softlab/softlab-web/web/framework/web/CController.php(265): CController->runActionWithFilters(Object(CInlineAction), Array)
#17 /home/alex/htdocs/softlab/softlab-web/web/framework/web/CWebApplication.php(282): CController->run('')
#18 /home/alex/htdocs/softlab/softlab-web/web/framework/web/CWebApplication.php(141): CWebApplication->runController('')
#19 /home/alex/htdocs/softlab/softlab-web/web/framework/base/CApplication.php(180): CWebApplication->processRequest()
#20 /home/alex/htdocs/softlab/softlab-web/web/index.arekx.php(13): CApplication->run()
#21 {main}
REQUEST_URI=/alex/softlab/softlab-web/web/index.arekx.php
---
2014/05/25 20:49:34 [error] [exception.CDbException] exception 'CDbException' with message 'CDbConnection failed to open the DB connection: could not find driver' in /home/alex/htdocs/softlab/softlab-web/web/framework/db/CDbConnection.php:382
Stack trace:
#0 /home/alex/htdocs/softlab/softlab-web/web/framework/db/CDbConnection.php(330): CDbConnection->open()
#1 /home/alex/htdocs/softlab/softlab-web/web/framework/db/CDbConnection.php(308): CDbConnection->setActive(true)
#2 /home/alex/htdocs/softlab/softlab-web/web/framework/base/CModule.php(387): CDbConnection->init()
#3 /home/alex/htdocs/softlab/softlab-web/web/framework/base/CModule.php(103): CModule->getComponent('db')
#4 /home/alex/htdocs/softlab/softlab-web/web/themes/softlab-start/views/layouts/debug.php(23): CModule->__get('db')
#5 /home/alex/htdocs/softlab/softlab-web/web/framework/web/CBaseController.php(126): require('/home/alex/htdo...')
#6 /home/alex/htdocs/softlab/softlab-web/web/framework/web/CBaseController.php(95): CBaseController->renderInternal('/home/alex/htdo...', NULL, true)
#7 /home/alex/htdocs/softlab/softlab-web/web/framework/web/CController.php(869): CBaseController->renderFile('/home/alex/htdo...', NULL, true)
#8 /home/alex/htdocs/softlab/softlab-web/web/themes/softlab-start/views/layouts/main.php(23): CController->renderPartial('//layouts/debug')
#9 /home/alex/htdocs/softlab/softlab-web/web/framework/web/CBaseController.php(126): require('/home/alex/htdo...')
#10 /home/alex/htdocs/softlab/softlab-web/web/framework/web/CBaseController.php(95): CBaseController->renderInternal('/home/alex/htdo...', Array, true)
#11 /home/alex/htdocs/softlab/softlab-web/web/framework/web/widgets/CContentDecorator.php(76): CBaseController->renderFile('/home/alex/htdo...', Array, true)
#12 /home/alex/htdocs/softlab/softlab-web/web/framework/web/widgets/CContentDecorator.php(54): CContentDecorator->decorate('<div id="conten...')
#13 /home/alex/htdocs/softlab/softlab-web/web/framework/web/widgets/COutputProcessor.php(44): CContentDecorator->processOutput('<div id="conten...')
#14 /home/alex/htdocs/softlab/softlab-web/web/framework/web/CBaseController.php(206): COutputProcessor->run()
#15 /home/alex/htdocs/softlab/softlab-web/web/framework/web/CBaseController.php(300): CBaseController->endWidget('CContentDecorat...')
#16 /home/alex/htdocs/softlab/softlab-web/web/themes/softlab-start/views/layouts/column1.php(6): CBaseController->endContent()
#17 /home/alex/htdocs/softlab/softlab-web/web/framework/web/CBaseController.php(126): require('/home/alex/htdo...')
#18 /home/alex/htdocs/softlab/softlab-web/web/framework/web/CBaseController.php(95): CBaseController->renderInternal('/home/alex/htdo...', Array, true)
#19 /home/alex/htdocs/softlab/softlab-web/web/framework/web/CController.php(784): CBaseController->renderFile('/home/alex/htdo...', Array, true)
#20 /home/alex/htdocs/softlab/softlab-web/web/protected/controllers/SiteController.php(98): CController->render('login', Array)
#21 /home/alex/htdocs/softlab/softlab-web/web/framework/web/actions/CInlineAction.php(49): SiteController->actionLogin()
#22 /home/alex/htdocs/softlab/softlab-web/web/framework/web/CController.php(308): CInlineAction->runWithParams(Array)
#23 /home/alex/htdocs/softlab/softlab-web/web/framework/web/CController.php(286): CController->runAction(Object(CInlineAction))
#24 /home/alex/htdocs/softlab/softlab-web/web/framework/web/CController.php(265): CController->runActionWithFilters(Object(CInlineAction), Array)
#25 /home/alex/htdocs/softlab/softlab-web/web/framework/web/CWebApplication.php(282): CController->run('login')
#26 /home/alex/htdocs/softlab/softlab-web/web/framework/web/CWebApplication.php(141): CWebApplication->runController('site/login')
#27 /home/alex/htdocs/softlab/softlab-web/web/framework/base/CApplication.php(180): CWebApplication->processRequest()
#28 /home/alex/htdocs/softlab/softlab-web/web/index.igolub.php(18): CApplication->run()
#29 {main}
REQUEST_URI=/alex/softlab/softlab-web/web/index.igolub.php?r=site/login
---
2014/05/25 20:50:13 [error] [php] Use of undefined constant db - assumed 'db' (/home/alex/htdocs/softlab/softlab-web/web/themes/softlab-start/views/layouts/debug.php:23)
Stack trace:
#0 /home/alex/htdocs/softlab/softlab-web/web/framework/web/CController.php(869): SiteController->renderFile()
#1 /home/alex/htdocs/softlab/softlab-web/web/themes/softlab-start/views/layouts/main.php(23): SiteController->renderPartial()
#2 /home/alex/htdocs/softlab/softlab-web/web/framework/web/CBaseController.php(126): require()
#3 /home/alex/htdocs/softlab/softlab-web/web/framework/web/CBaseController.php(95): SiteController->renderInternal()
#4 /home/alex/htdocs/softlab/softlab-web/web/framework/web/widgets/CContentDecorator.php(76): SiteController->renderFile()
#5 /home/alex/htdocs/softlab/softlab-web/web/framework/web/widgets/CContentDecorator.php(54): CContentDecorator->decorate()
#6 /home/alex/htdocs/softlab/softlab-web/web/framework/web/widgets/COutputProcessor.php(44): CContentDecorator->processOutput()
#7 /home/alex/htdocs/softlab/softlab-web/web/framework/web/CBaseController.php(206): CContentDecorator->run()
#8 /home/alex/htdocs/softlab/softlab-web/web/framework/web/CBaseController.php(300): SiteController->endWidget()
#9 /home/alex/htdocs/softlab/softlab-web/web/themes/softlab-start/views/layouts/column1.php(6): SiteController->endContent()
#10 /home/alex/htdocs/softlab/softlab-web/web/framework/web/CBaseController.php(126): require()
#11 /home/alex/htdocs/softlab/softlab-web/web/framework/web/CBaseController.php(95): SiteController->renderInternal()
#12 /home/alex/htdocs/softlab/softlab-web/web/framework/web/CController.php(784): SiteController->renderFile()
#13 /home/alex/htdocs/softlab/softlab-web/web/protected/controllers/SiteController.php(98): SiteController->render()
#14 /home/alex/htdocs/softlab/softlab-web/web/framework/web/actions/CInlineAction.php(49): SiteController->actionLogin()
#15 /home/alex/htdocs/softlab/softlab-web/web/framework/web/CController.php(308): CInlineAction->runWithParams()
#16 /home/alex/htdocs/softlab/softlab-web/web/framework/web/CController.php(286): SiteController->runAction()
#17 /home/alex/htdocs/softlab/softlab-web/web/framework/web/CController.php(265): SiteController->runActionWithFilters()
#18 /home/alex/htdocs/softlab/softlab-web/web/framework/web/CWebApplication.php(282): SiteController->run()
#19 /home/alex/htdocs/softlab/softlab-web/web/framework/web/CWebApplication.php(141): CWebApplication->runController()
#20 /home/alex/htdocs/softlab/softlab-web/web/framework/base/CApplication.php(180): CWebApplication->processRequest()
#21 /home/alex/htdocs/softlab/softlab-web/web/index.igolub.php(18): CWebApplication->run()
REQUEST_URI=/alex/softlab/softlab-web/web/index.igolub.php?r=site/login
in /home/alex/htdocs/softlab/softlab-web/web/themes/softlab-start/views/layouts/debug.php (23)
in /home/alex/htdocs/softlab/softlab-web/web/themes/softlab-start/views/layouts/main.php (23)
in /home/alex/htdocs/softlab/softlab-web/web/themes/softlab-start/views/layouts/column1.php (6)
2014/05/25 20:50:26 [error] [exception.CDbException] exception 'CDbException' with message 'CDbConnection failed to open the DB connection: could not find driver' in /home/alex/htdocs/softlab/softlab-web/web/framework/db/CDbConnection.php:382
Stack trace:
#0 /home/alex/htdocs/softlab/softlab-web/web/framework/db/CDbConnection.php(330): CDbConnection->open()
#1 /home/alex/htdocs/softlab/softlab-web/web/framework/db/CDbConnection.php(308): CDbConnection->setActive(true)
#2 /home/alex/htdocs/softlab/softlab-web/web/framework/base/CModule.php(387): CDbConnection->init()
#3 /home/alex/htdocs/softlab/softlab-web/web/framework/base/CModule.php(103): CModule->getComponent('db')
#4 /home/alex/htdocs/softlab/softlab-web/web/themes/softlab-start/views/layouts/debug.php(23): CModule->__get('db')
#5 /home/alex/htdocs/softlab/softlab-web/web/framework/web/CBaseController.php(126): require('/home/alex/htdo...')
#6 /home/alex/htdocs/softlab/softlab-web/web/framework/web/CBaseController.php(95): CBaseController->renderInternal('/home/alex/htdo...', NULL, true)
#7 /home/alex/htdocs/softlab/softlab-web/web/framework/web/CController.php(869): CBaseController->renderFile('/home/alex/htdo...', NULL, true)
#8 /home/alex/htdocs/softlab/softlab-web/web/themes/softlab-start/views/layouts/main.php(23): CController->renderPartial('//layouts/debug')
#9 /home/alex/htdocs/softlab/softlab-web/web/framework/web/CBaseController.php(126): require('/home/alex/htdo...')
#10 /home/alex/htdocs/softlab/softlab-web/web/framework/web/CBaseController.php(95): CBaseController->renderInternal('/home/alex/htdo...', Array, true)
#11 /home/alex/htdocs/softlab/softlab-web/web/framework/web/widgets/CContentDecorator.php(76): CBaseController->renderFile('/home/alex/htdo...', Array, true)
#12 /home/alex/htdocs/softlab/softlab-web/web/framework/web/widgets/CContentDecorator.php(54): CContentDecorator->decorate('<div id="conten...')
#13 /home/alex/htdocs/softlab/softlab-web/web/framework/web/widgets/COutputProcessor.php(44): CContentDecorator->processOutput('<div id="conten...')
#14 /home/alex/htdocs/softlab/softlab-web/web/framework/web/CBaseController.php(206): COutputProcessor->run()
#15 /home/alex/htdocs/softlab/softlab-web/web/framework/web/CBaseController.php(300): CBaseController->endWidget('CContentDecorat...')
#16 /home/alex/htdocs/softlab/softlab-web/web/themes/softlab-start/views/layouts/column1.php(6): CBaseController->endContent()
#17 /home/alex/htdocs/softlab/softlab-web/web/framework/web/CBaseController.php(126): require('/home/alex/htdo...')
#18 /home/alex/htdocs/softlab/softlab-web/web/framework/web/CBaseController.php(95): CBaseController->renderInternal('/home/alex/htdo...', Array, true)
#19 /home/alex/htdocs/softlab/softlab-web/web/framework/web/CController.php(784): CBaseController->renderFile('/home/alex/htdo...', Array, true)
#20 /home/alex/htdocs/softlab/softlab-web/web/protected/controllers/SiteController.php(98): CController->render('login', Array)
#21 /home/alex/htdocs/softlab/softlab-web/web/framework/web/actions/CInlineAction.php(49): SiteController->actionLogin()
#22 /home/alex/htdocs/softlab/softlab-web/web/framework/web/CController.php(308): CInlineAction->runWithParams(Array)
#23 /home/alex/htdocs/softlab/softlab-web/web/framework/web/CController.php(286): CController->runAction(Object(CInlineAction))
#24 /home/alex/htdocs/softlab/softlab-web/web/framework/web/CController.php(265): CController->runActionWithFilters(Object(CInlineAction), Array)
#25 /home/alex/htdocs/softlab/softlab-web/web/framework/web/CWebApplication.php(282): CController->run('login')
#26 /home/alex/htdocs/softlab/softlab-web/web/framework/web/CWebApplication.php(141): CWebApplication->runController('site/login')
#27 /home/alex/htdocs/softlab/softlab-web/web/framework/base/CApplication.php(180): CWebApplication->processRequest()
#28 /home/alex/htdocs/softlab/softlab-web/web/index.igolub.php(18): CApplication->run()
#29 {main}
REQUEST_URI=/alex/softlab/softlab-web/web/index.igolub.php?r=site/login
---
2014/05/25 20:51:55 [error] [exception.CException] exception 'CException' with message 'Property "CWebApplication.enableProfiling" is not defined.' in /home/alex/htdocs/softlab/softlab-web/web/framework/base/CComponent.php:173
Stack trace:
#0 /home/alex/htdocs/softlab/softlab-web/web/themes/softlab-start/views/layouts/debug.php(3): CComponent->__set('enableProfiling', true)
#1 /home/alex/htdocs/softlab/softlab-web/web/framework/web/CBaseController.php(126): require('/home/alex/htdo...')
#2 /home/alex/htdocs/softlab/softlab-web/web/framework/web/CBaseController.php(95): CBaseController->renderInternal('/home/alex/htdo...', NULL, true)
#3 /home/alex/htdocs/softlab/softlab-web/web/framework/web/CController.php(869): CBaseController->renderFile('/home/alex/htdo...', NULL, true)
#4 /home/alex/htdocs/softlab/softlab-web/web/themes/softlab-start/views/layouts/main.php(23): CController->renderPartial('//layouts/debug')
#5 /home/alex/htdocs/softlab/softlab-web/web/framework/web/CBaseController.php(126): require('/home/alex/htdo...')
#6 /home/alex/htdocs/softlab/softlab-web/web/framework/web/CBaseController.php(95): CBaseController->renderInternal('/home/alex/htdo...', Array, true)
#7 /home/alex/htdocs/softlab/softlab-web/web/framework/web/widgets/CContentDecorator.php(76): CBaseController->renderFile('/home/alex/htdo...', Array, true)
#8 /home/alex/htdocs/softlab/softlab-web/web/framework/web/widgets/CContentDecorator.php(54): CContentDecorator->decorate('<div id="conten...')
#9 /home/alex/htdocs/softlab/softlab-web/web/framework/web/widgets/COutputProcessor.php(44): CContentDecorator->processOutput('<div id="conten...')
#10 /home/alex/htdocs/softlab/softlab-web/web/framework/web/CBaseController.php(206): COutputProcessor->run()
#11 /home/alex/htdocs/softlab/softlab-web/web/framework/web/CBaseController.php(300): CBaseController->endWidget('CContentDecorat...')
#12 /home/alex/htdocs/softlab/softlab-web/web/themes/softlab-start/views/layouts/column1.php(6): CBaseController->endContent()
#13 /home/alex/htdocs/softlab/softlab-web/web/framework/web/CBaseController.php(126): require('/home/alex/htdo...')
#14 /home/alex/htdocs/softlab/softlab-web/web/framework/web/CBaseController.php(95): CBaseController->renderInternal('/home/alex/htdo...', Array, true)
#15 /home/alex/htdocs/softlab/softlab-web/web/framework/web/CController.php(784): CBaseController->renderFile('/home/alex/htdo...', Array, true)
#16 /home/alex/htdocs/softlab/softlab-web/web/protected/controllers/SiteController.php(98): CController->render('login', Array)
#17 /home/alex/htdocs/softlab/softlab-web/web/framework/web/actions/CInlineAction.php(49): SiteController->actionLogin()
#18 /home/alex/htdocs/softlab/softlab-web/web/framework/web/CController.php(308): CInlineAction->runWithParams(Array)
#19 /home/alex/htdocs/softlab/softlab-web/web/framework/web/CController.php(286): CController->runAction(Object(CInlineAction))
#20 /home/alex/htdocs/softlab/softlab-web/web/framework/web/CController.php(265): CController->runActionWithFilters(Object(CInlineAction), Array)
#21 /home/alex/htdocs/softlab/softlab-web/web/framework/web/CWebApplication.php(282): CController->run('login')
#22 /home/alex/htdocs/softlab/softlab-web/web/framework/web/CWebApplication.php(141): CWebApplication->runController('site/login')
#23 /home/alex/htdocs/softlab/softlab-web/web/framework/base/CApplication.php(180): CWebApplication->processRequest()
#24 /home/alex/htdocs/softlab/softlab-web/web/index.igolub.php(18): CApplication->run()
#25 {main}
REQUEST_URI=/alex/softlab/softlab-web/web/index.igolub.php?r=site/login
---
2014/05/25 20:52:05 [error] [exception.CDbException] exception 'CDbException' with message 'CDbConnection failed to open the DB connection: could not find driver' in /home/alex/htdocs/softlab/softlab-web/web/framework/db/CDbConnection.php:382
Stack trace:
#0 /home/alex/htdocs/softlab/softlab-web/web/framework/db/CDbConnection.php(330): CDbConnection->open()
#1 /home/alex/htdocs/softlab/softlab-web/web/framework/db/CDbConnection.php(308): CDbConnection->setActive(true)
#2 /home/alex/htdocs/softlab/softlab-web/web/framework/base/CModule.php(387): CDbConnection->init()
#3 /home/alex/htdocs/softlab/softlab-web/web/framework/base/CModule.php(103): CModule->getComponent('db')
#4 /home/alex/htdocs/softlab/softlab-web/web/themes/softlab-start/views/layouts/debug.php(3): CModule->__get('db')
#5 /home/alex/htdocs/softlab/softlab-web/web/framework/web/CBaseController.php(126): require('/home/alex/htdo...')
#6 /home/alex/htdocs/softlab/softlab-web/web/framework/web/CBaseController.php(95): CBaseController->renderInternal('/home/alex/htdo...', NULL, true)
#7 /home/alex/htdocs/softlab/softlab-web/web/framework/web/CController.php(869): CBaseController->renderFile('/home/alex/htdo...', NULL, true)
#8 /home/alex/htdocs/softlab/softlab-web/web/themes/softlab-start/views/layouts/main.php(23): CController->renderPartial('//layouts/debug')
#9 /home/alex/htdocs/softlab/softlab-web/web/framework/web/CBaseController.php(126): require('/home/alex/htdo...')
#10 /home/alex/htdocs/softlab/softlab-web/web/framework/web/CBaseController.php(95): CBaseController->renderInternal('/home/alex/htdo...', Array, true)
#11 /home/alex/htdocs/softlab/softlab-web/web/framework/web/widgets/CContentDecorator.php(76): CBaseController->renderFile('/home/alex/htdo...', Array, true)
#12 /home/alex/htdocs/softlab/softlab-web/web/framework/web/widgets/CContentDecorator.php(54): CContentDecorator->decorate('<div id="conten...')
#13 /home/alex/htdocs/softlab/softlab-web/web/framework/web/widgets/COutputProcessor.php(44): CContentDecorator->processOutput('<div id="conten...')
#14 /home/alex/htdocs/softlab/softlab-web/web/framework/web/CBaseController.php(206): COutputProcessor->run()
#15 /home/alex/htdocs/softlab/softlab-web/web/framework/web/CBaseController.php(300): CBaseController->endWidget('CContentDecorat...')
#16 /home/alex/htdocs/softlab/softlab-web/web/themes/softlab-start/views/layouts/column1.php(6): CBaseController->endContent()
#17 /home/alex/htdocs/softlab/softlab-web/web/framework/web/CBaseController.php(126): require('/home/alex/htdo...')
#18 /home/alex/htdocs/softlab/softlab-web/web/framework/web/CBaseController.php(95): CBaseController->renderInternal('/home/alex/htdo...', Array, true)
#19 /home/alex/htdocs/softlab/softlab-web/web/framework/web/CController.php(784): CBaseController->renderFile('/home/alex/htdo...', Array, true)
#20 /home/alex/htdocs/softlab/softlab-web/web/protected/controllers/SiteController.php(98): CController->render('login', Array)
#21 /home/alex/htdocs/softlab/softlab-web/web/framework/web/actions/CInlineAction.php(49): SiteController->actionLogin()
#22 /home/alex/htdocs/softlab/softlab-web/web/framework/web/CController.php(308): CInlineAction->runWithParams(Array)
#23 /home/alex/htdocs/softlab/softlab-web/web/framework/web/CController.php(286): CController->runAction(Object(CInlineAction))
#24 /home/alex/htdocs/softlab/softlab-web/web/framework/web/CController.php(265): CController->runActionWithFilters(Object(CInlineAction), Array)
#25 /home/alex/htdocs/softlab/softlab-web/web/framework/web/CWebApplication.php(282): CController->run('login')
#26 /home/alex/htdocs/softlab/softlab-web/web/framework/web/CWebApplication.php(141): CWebApplication->runController('site/login')
#27 /home/alex/htdocs/softlab/softlab-web/web/framework/base/CApplication.php(180): CWebApplication->processRequest()
#28 /home/alex/htdocs/softlab/softlab-web/web/index.igolub.php(18): CApplication->run()
#29 {main}
REQUEST_URI=/alex/softlab/softlab-web/web/index.igolub.php?r=site/login
---
2014/05/25 20:53:01 [error] [exception.CDbException] exception 'CDbException' with message 'CDbConnection failed to open the DB connection: could not find driver' in /home/alex/htdocs/softlab/softlab-web/web/framework/db/CDbConnection.php:382
Stack trace:
#0 /home/alex/htdocs/softlab/softlab-web/web/framework/db/CDbConnection.php(330): CDbConnection->open()
#1 /home/alex/htdocs/softlab/softlab-web/web/framework/db/CDbConnection.php(308): CDbConnection->setActive(true)
#2 /home/alex/htdocs/softlab/softlab-web/web/framework/base/CModule.php(387): CDbConnection->init()
#3 /home/alex/htdocs/softlab/softlab-web/web/framework/base/CModule.php(103): CModule->getComponent('db')
#4 /home/alex/htdocs/softlab/softlab-web/web/themes/softlab-start/views/layouts/debug.php(3): CModule->__get('db')
#5 /home/alex/htdocs/softlab/softlab-web/web/framework/web/CBaseController.php(126): require('/home/alex/htdo...')
#6 /home/alex/htdocs/softlab/softlab-web/web/framework/web/CBaseController.php(95): CBaseController->renderInternal('/home/alex/htdo...', NULL, true)
#7 /home/alex/htdocs/softlab/softlab-web/web/framework/web/CController.php(869): CBaseController->renderFile('/home/alex/htdo...', NULL, true)
#8 /home/alex/htdocs/softlab/softlab-web/web/themes/softlab-start/views/layouts/main.php(23): CController->renderPartial('//layouts/debug')
#9 /home/alex/htdocs/softlab/softlab-web/web/framework/web/CBaseController.php(126): require('/home/alex/htdo...')
#10 /home/alex/htdocs/softlab/softlab-web/web/framework/web/CBaseController.php(95): CBaseController->renderInternal('/home/alex/htdo...', Array, true)
#11 /home/alex/htdocs/softlab/softlab-web/web/framework/web/widgets/CContentDecorator.php(76): CBaseController->renderFile('/home/alex/htdo...', Array, true)
#12 /home/alex/htdocs/softlab/softlab-web/web/framework/web/widgets/CContentDecorator.php(54): CContentDecorator->decorate('<div id="conten...')
#13 /home/alex/htdocs/softlab/softlab-web/web/framework/web/widgets/COutputProcessor.php(44): CContentDecorator->processOutput('<div id="conten...')
#14 /home/alex/htdocs/softlab/softlab-web/web/framework/web/CBaseController.php(206): COutputProcessor->run()
#15 /home/alex/htdocs/softlab/softlab-web/web/framework/web/CBaseController.php(300): CBaseController->endWidget('CContentDecorat...')
#16 /home/alex/htdocs/softlab/softlab-web/web/themes/softlab-start/views/layouts/column1.php(6): CBaseController->endContent()
#17 /home/alex/htdocs/softlab/softlab-web/web/framework/web/CBaseController.php(126): require('/home/alex/htdo...')
#18 /home/alex/htdocs/softlab/softlab-web/web/framework/web/CBaseController.php(95): CBaseController->renderInternal('/home/alex/htdo...', Array, true)
#19 /home/alex/htdocs/softlab/softlab-web/web/framework/web/CController.php(784): CBaseController->renderFile('/home/alex/htdo...', Array, true)
#20 /home/alex/htdocs/softlab/softlab-web/web/protected/controllers/SiteController.php(98): CController->render('login', Array)
#21 /home/alex/htdocs/softlab/softlab-web/web/framework/web/actions/CInlineAction.php(49): SiteController->actionLogin()
#22 /home/alex/htdocs/softlab/softlab-web/web/framework/web/CController.php(308): CInlineAction->runWithParams(Array)
#23 /home/alex/htdocs/softlab/softlab-web/web/framework/web/CController.php(286): CController->runAction(Object(CInlineAction))
#24 /home/alex/htdocs/softlab/softlab-web/web/framework/web/CController.php(265): CController->runActionWithFilters(Object(CInlineAction), Array)
#25 /home/alex/htdocs/softlab/softlab-web/web/framework/web/CWebApplication.php(282): CController->run('login')
#26 /home/alex/htdocs/softlab/softlab-web/web/framework/web/CWebApplication.php(141): CWebApplication->runController('site/login')
#27 /home/alex/htdocs/softlab/softlab-web/web/framework/base/CApplication.php(180): CWebApplication->processRequest()
#28 /home/alex/htdocs/softlab/softlab-web/web/index.igolub.php(18): CApplication->run()
#29 {main}
REQUEST_URI=/alex/softlab/softlab-web/web/index.igolub.php?r=site/login
---
2014/05/25 20:53:05 [error] [exception.CDbException] exception 'CDbException' with message 'CDbConnection failed to open the DB connection: could not find driver' in /home/alex/htdocs/softlab/softlab-web/web/framework/db/CDbConnection.php:382
Stack trace:
#0 /home/alex/htdocs/softlab/softlab-web/web/framework/db/CDbConnection.php(330): CDbConnection->open()
#1 /home/alex/htdocs/softlab/softlab-web/web/framework/db/CDbConnection.php(308): CDbConnection->setActive(true)
#2 /home/alex/htdocs/softlab/softlab-web/web/framework/base/CModule.php(387): CDbConnection->init()
#3 /home/alex/htdocs/softlab/softlab-web/web/framework/base/CModule.php(103): CModule->getComponent('db')
#4 /home/alex/htdocs/softlab/softlab-web/web/themes/softlab-start/views/layouts/debug.php(3): CModule->__get('db')
#5 /home/alex/htdocs/softlab/softlab-web/web/framework/web/CBaseController.php(126): require('/home/alex/htdo...')
#6 /home/alex/htdocs/softlab/softlab-web/web/framework/web/CBaseController.php(95): CBaseController->renderInternal('/home/alex/htdo...', NULL, true)
#7 /home/alex/htdocs/softlab/softlab-web/web/framework/web/CController.php(869): CBaseController->renderFile('/home/alex/htdo...', NULL, true)
#8 /home/alex/htdocs/softlab/softlab-web/web/themes/softlab-start/views/layouts/main.php(23): CController->renderPartial('//layouts/debug')
#9 /home/alex/htdocs/softlab/softlab-web/web/framework/web/CBaseController.php(126): require('/home/alex/htdo...')
#10 /home/alex/htdocs/softlab/softlab-web/web/framework/web/CBaseController.php(95): CBaseController->renderInternal('/home/alex/htdo...', Array, true)
#11 /home/alex/htdocs/softlab/softlab-web/web/framework/web/widgets/CContentDecorator.php(76): CBaseController->renderFile('/home/alex/htdo...', Array, true)
#12 /home/alex/htdocs/softlab/softlab-web/web/framework/web/widgets/CContentDecorator.php(54): CContentDecorator->decorate('<div id="conten...')
#13 /home/alex/htdocs/softlab/softlab-web/web/framework/web/widgets/COutputProcessor.php(44): CContentDecorator->processOutput('<div id="conten...')
#14 /home/alex/htdocs/softlab/softlab-web/web/framework/web/CBaseController.php(206): COutputProcessor->run()
#15 /home/alex/htdocs/softlab/softlab-web/web/framework/web/CBaseController.php(300): CBaseController->endWidget('CContentDecorat...')
#16 /home/alex/htdocs/softlab/softlab-web/web/themes/softlab-start/views/layouts/column1.php(6): CBaseController->endContent()
#17 /home/alex/htdocs/softlab/softlab-web/web/framework/web/CBaseController.php(126): require('/home/alex/htdo...')
#18 /home/alex/htdocs/softlab/softlab-web/web/framework/web/CBaseController.php(95): CBaseController->renderInternal('/home/alex/htdo...', Array, true)
#19 /home/alex/htdocs/softlab/softlab-web/web/framework/web/CController.php(784): CBaseController->renderFile('/home/alex/htdo...', Array, true)
#20 /home/alex/htdocs/softlab/softlab-web/web/protected/controllers/SiteController.php(98): CController->render('login', Array)
#21 /home/alex/htdocs/softlab/softlab-web/web/framework/web/actions/CInlineAction.php(49): SiteController->actionLogin()
#22 /home/alex/htdocs/softlab/softlab-web/web/framework/web/CController.php(308): CInlineAction->runWithParams(Array)
#23 /home/alex/htdocs/softlab/softlab-web/web/framework/web/CController.php(286): CController->runAction(Object(CInlineAction))
#24 /home/alex/htdocs/softlab/softlab-web/web/framework/web/CController.php(265): CController->runActionWithFilters(Object(CInlineAction), Array)
#25 /home/alex/htdocs/softlab/softlab-web/web/framework/web/CWebApplication.php(282): CController->run('login')
#26 /home/alex/htdocs/softlab/softlab-web/web/framework/web/CWebApplication.php(141): CWebApplication->runController('site/login')
#27 /home/alex/htdocs/softlab/softlab-web/web/framework/base/CApplication.php(180): CWebApplication->processRequest()
#28 /home/alex/htdocs/softlab/softlab-web/web/index.igolub.php(18): CApplication->run()
#29 {main}
REQUEST_URI=/alex/softlab/softlab-web/web/index.igolub.php?r=site/login
---
2014/05/25 20:54:14 [error] [exception.CDbException] exception 'CDbException' with message 'CDbConnection failed to open the DB connection: could not find driver' in /home/alex/htdocs/softlab/softlab-web/web/framework/db/CDbConnection.php:382
Stack trace:
#0 /home/alex/htdocs/softlab/softlab-web/web/framework/db/CDbConnection.php(330): CDbConnection->open()
#1 /home/alex/htdocs/softlab/softlab-web/web/framework/db/CDbConnection.php(308): CDbConnection->setActive(true)
#2 /home/alex/htdocs/softlab/softlab-web/web/framework/base/CModule.php(387): CDbConnection->init()
#3 /home/alex/htdocs/softlab/softlab-web/web/framework/base/CModule.php(103): CModule->getComponent('db')
#4 /home/alex/htdocs/softlab/softlab-web/web/themes/softlab-start/views/layouts/debug.php(3): CModule->__get('db')
#5 /home/alex/htdocs/softlab/softlab-web/web/framework/web/CBaseController.php(126): require('/home/alex/htdo...')
#6 /home/alex/htdocs/softlab/softlab-web/web/framework/web/CBaseController.php(95): CBaseController->renderInternal('/home/alex/htdo...', NULL, true)
#7 /home/alex/htdocs/softlab/softlab-web/web/framework/web/CController.php(869): CBaseController->renderFile('/home/alex/htdo...', NULL, true)
#8 /home/alex/htdocs/softlab/softlab-web/web/themes/softlab-start/views/layouts/main.php(23): CController->renderPartial('//layouts/debug')
#9 /home/alex/htdocs/softlab/softlab-web/web/framework/web/CBaseController.php(126): require('/home/alex/htdo...')
#10 /home/alex/htdocs/softlab/softlab-web/web/framework/web/CBaseController.php(95): CBaseController->renderInternal('/home/alex/htdo...', Array, true)
#11 /home/alex/htdocs/softlab/softlab-web/web/framework/web/widgets/CContentDecorator.php(76): CBaseController->renderFile('/home/alex/htdo...', Array, true)
#12 /home/alex/htdocs/softlab/softlab-web/web/framework/web/widgets/CContentDecorator.php(54): CContentDecorator->decorate('<div id="conten...')
#13 /home/alex/htdocs/softlab/softlab-web/web/framework/web/widgets/COutputProcessor.php(44): CContentDecorator->processOutput('<div id="conten...')
#14 /home/alex/htdocs/softlab/softlab-web/web/framework/web/CBaseController.php(206): COutputProcessor->run()
#15 /home/alex/htdocs/softlab/softlab-web/web/framework/web/CBaseController.php(300): CBaseController->endWidget('CContentDecorat...')
#16 /home/alex/htdocs/softlab/softlab-web/web/themes/softlab-start/views/layouts/column1.php(6): CBaseController->endContent()
#17 /home/alex/htdocs/softlab/softlab-web/web/framework/web/CBaseController.php(126): require('/home/alex/htdo...')
#18 /home/alex/htdocs/softlab/softlab-web/web/framework/web/CBaseController.php(95): CBaseController->renderInternal('/home/alex/htdo...', Array, true)
#19 /home/alex/htdocs/softlab/softlab-web/web/framework/web/CController.php(784): CBaseController->renderFile('/home/alex/htdo...', Array, true)
#20 /home/alex/htdocs/softlab/softlab-web/web/protected/controllers/SiteController.php(98): CController->render('login', Array)
#21 /home/alex/htdocs/softlab/softlab-web/web/framework/web/actions/CInlineAction.php(49): SiteController->actionLogin()
#22 /home/alex/htdocs/softlab/softlab-web/web/framework/web/CController.php(308): CInlineAction->runWithParams(Array)
#23 /home/alex/htdocs/softlab/softlab-web/web/framework/web/CController.php(286): CController->runAction(Object(CInlineAction))
#24 /home/alex/htdocs/softlab/softlab-web/web/framework/web/CController.php(265): CController->runActionWithFilters(Object(CInlineAction), Array)
#25 /home/alex/htdocs/softlab/softlab-web/web/framework/web/CWebApplication.php(282): CController->run('login')
#26 /home/alex/htdocs/softlab/softlab-web/web/framework/web/CWebApplication.php(141): CWebApplication->runController('site/login')
#27 /home/alex/htdocs/softlab/softlab-web/web/framework/base/CApplication.php(180): CWebApplication->processRequest()
#28 /home/alex/htdocs/softlab/softlab-web/web/index.arekx.php(13): CApplication->run()
#29 {main}
REQUEST_URI=/alex/softlab/softlab-web/web/index.arekx.php?r=site/login
---
2014/05/25 20:54:19 [error] [exception.CDbException] exception 'CDbException' with message 'CDbConnection failed to open the DB connection: could not find driver' in /home/alex/htdocs/softlab/softlab-web/web/framework/db/CDbConnection.php:382
Stack trace:
#0 /home/alex/htdocs/softlab/softlab-web/web/framework/db/CDbConnection.php(330): CDbConnection->open()
#1 /home/alex/htdocs/softlab/softlab-web/web/framework/db/CDbConnection.php(308): CDbConnection->setActive(true)
#2 /home/alex/htdocs/softlab/softlab-web/web/framework/base/CModule.php(387): CDbConnection->init()
#3 /home/alex/htdocs/softlab/softlab-web/web/framework/base/CModule.php(103): CModule->getComponent('db')
#4 /home/alex/htdocs/softlab/softlab-web/web/themes/softlab-start/views/layouts/debug.php(3): CModule->__get('db')
#5 /home/alex/htdocs/softlab/softlab-web/web/framework/web/CBaseController.php(126): require('/home/alex/htdo...')
#6 /home/alex/htdocs/softlab/softlab-web/web/framework/web/CBaseController.php(95): CBaseController->renderInternal('/home/alex/htdo...', NULL, true)
#7 /home/alex/htdocs/softlab/softlab-web/web/framework/web/CController.php(869): CBaseController->renderFile('/home/alex/htdo...', NULL, true)
#8 /home/alex/htdocs/softlab/softlab-web/web/themes/softlab-start/views/layouts/main.php(23): CController->renderPartial('//layouts/debug')
#9 /home/alex/htdocs/softlab/softlab-web/web/framework/web/CBaseController.php(126): require('/home/alex/htdo...')
#10 /home/alex/htdocs/softlab/softlab-web/web/framework/web/CBaseController.php(95): CBaseController->renderInternal('/home/alex/htdo...', Array, true)
#11 /home/alex/htdocs/softlab/softlab-web/web/framework/web/widgets/CContentDecorator.php(76): CBaseController->renderFile('/home/alex/htdo...', Array, true)
#12 /home/alex/htdocs/softlab/softlab-web/web/framework/web/widgets/CContentDecorator.php(54): CContentDecorator->decorate('<div id="conten...')
#13 /home/alex/htdocs/softlab/softlab-web/web/framework/web/widgets/COutputProcessor.php(44): CContentDecorator->processOutput('<div id="conten...')
#14 /home/alex/htdocs/softlab/softlab-web/web/framework/web/CBaseController.php(206): COutputProcessor->run()
#15 /home/alex/htdocs/softlab/softlab-web/web/framework/web/CBaseController.php(300): CBaseController->endWidget('CContentDecorat...')
#16 /home/alex/htdocs/softlab/softlab-web/web/themes/softlab-start/views/layouts/column1.php(6): CBaseController->endContent()
#17 /home/alex/htdocs/softlab/softlab-web/web/framework/web/CBaseController.php(126): require('/home/alex/htdo...')
#18 /home/alex/htdocs/softlab/softlab-web/web/framework/web/CBaseController.php(95): CBaseController->renderInternal('/home/alex/htdo...', Array, true)
#19 /home/alex/htdocs/softlab/softlab-web/web/framework/web/CController.php(784): CBaseController->renderFile('/home/alex/htdo...', Array, true)
#20 /home/alex/htdocs/softlab/softlab-web/web/protected/controllers/SiteController.php(32): CController->render('index')
#21 /home/alex/htdocs/softlab/softlab-web/web/framework/web/actions/CInlineAction.php(49): SiteController->actionIndex()
#22 /home/alex/htdocs/softlab/softlab-web/web/framework/web/CController.php(308): CInlineAction->runWithParams(Array)
#23 /home/alex/htdocs/softlab/softlab-web/web/framework/web/CController.php(286): CController->runAction(Object(CInlineAction))
#24 /home/alex/htdocs/softlab/softlab-web/web/framework/web/CController.php(265): CController->runActionWithFilters(Object(CInlineAction), Array)
#25 /home/alex/htdocs/softlab/softlab-web/web/framework/web/CWebApplication.php(282): CController->run('')
#26 /home/alex/htdocs/softlab/softlab-web/web/framework/web/CWebApplication.php(141): CWebApplication->runController('')
#27 /home/alex/htdocs/softlab/softlab-web/web/framework/base/CApplication.php(180): CWebApplication->processRequest()
#28 /home/alex/htdocs/softlab/softlab-web/web/index.arekx.php(13): CApplication->run()
#29 {main}
REQUEST_URI=/alex/softlab/softlab-web/web/index.arekx.php
---
2014/05/25 20:54:33 [error] [exception.CDbException] exception 'CDbException' with message 'CDbConnection failed to open the DB connection: could not find driver' in /home/alex/htdocs/softlab/softlab-web/web/framework/db/CDbConnection.php:382
Stack trace:
#0 /home/alex/htdocs/softlab/softlab-web/web/framework/db/CDbConnection.php(330): CDbConnection->open()
#1 /home/alex/htdocs/softlab/softlab-web/web/framework/db/CDbConnection.php(308): CDbConnection->setActive(true)
#2 /home/alex/htdocs/softlab/softlab-web/web/framework/base/CModule.php(387): CDbConnection->init()
#3 /home/alex/htdocs/softlab/softlab-web/web/framework/base/CModule.php(103): CModule->getComponent('db')
#4 /home/alex/htdocs/softlab/softlab-web/web/themes/softlab-start/views/layouts/debug.php(3): CModule->__get('db')
#5 /home/alex/htdocs/softlab/softlab-web/web/framework/web/CBaseController.php(126): require('/home/alex/htdo...')
#6 /home/alex/htdocs/softlab/softlab-web/web/framework/web/CBaseController.php(95): CBaseController->renderInternal('/home/alex/htdo...', NULL, true)
#7 /home/alex/htdocs/softlab/softlab-web/web/framework/web/CController.php(869): CBaseController->renderFile('/home/alex/htdo...', NULL, true)
#8 /home/alex/htdocs/softlab/softlab-web/web/themes/softlab-start/views/layouts/main.php(23): CController->renderPartial('//layouts/debug')
#9 /home/alex/htdocs/softlab/softlab-web/web/framework/web/CBaseController.php(126): require('/home/alex/htdo...')
#10 /home/alex/htdocs/softlab/softlab-web/web/framework/web/CBaseController.php(95): CBaseController->renderInternal('/home/alex/htdo...', Array, true)
#11 /home/alex/htdocs/softlab/softlab-web/web/framework/web/widgets/CContentDecorator.php(76): CBaseController->renderFile('/home/alex/htdo...', Array, true)
#12 /home/alex/htdocs/softlab/softlab-web/web/framework/web/widgets/CContentDecorator.php(54): CContentDecorator->decorate('<div id="conten...')
#13 /home/alex/htdocs/softlab/softlab-web/web/framework/web/widgets/COutputProcessor.php(44): CContentDecorator->processOutput('<div id="conten...')
#14 /home/alex/htdocs/softlab/softlab-web/web/framework/web/CBaseController.php(206): COutputProcessor->run()
#15 /home/alex/htdocs/softlab/softlab-web/web/framework/web/CBaseController.php(300): CBaseController->endWidget('CContentDecorat...')
#16 /home/alex/htdocs/softlab/softlab-web/web/themes/softlab-start/views/layouts/column1.php(6): CBaseController->endContent()
#17 /home/alex/htdocs/softlab/softlab-web/web/framework/web/CBaseController.php(126): require('/home/alex/htdo...')
#18 /home/alex/htdocs/softlab/softlab-web/web/framework/web/CBaseController.php(95): CBaseController->renderInternal('/home/alex/htdo...', Array, true)
#19 /home/alex/htdocs/softlab/softlab-web/web/framework/web/CController.php(784): CBaseController->renderFile('/home/alex/htdo...', Array, true)
#20 /home/alex/htdocs/softlab/softlab-web/web/protected/controllers/SiteController.php(32): CController->render('index')
#21 /home/alex/htdocs/softlab/softlab-web/web/framework/web/actions/CInlineAction.php(49): SiteController->actionIndex()
#22 /home/alex/htdocs/softlab/softlab-web/web/framework/web/CController.php(308): CInlineAction->runWithParams(Array)
#23 /home/alex/htdocs/softlab/softlab-web/web/framework/web/CController.php(286): CController->runAction(Object(CInlineAction))
#24 /home/alex/htdocs/softlab/softlab-web/web/framework/web/CController.php(265): CController->runActionWithFilters(Object(CInlineAction), Array)
#25 /home/alex/htdocs/softlab/softlab-web/web/framework/web/CWebApplication.php(282): CController->run('')
#26 /home/alex/htdocs/softlab/softlab-web/web/framework/web/CWebApplication.php(141): CWebApplication->runController('')
#27 /home/alex/htdocs/softlab/softlab-web/web/framework/base/CApplication.php(180): CWebApplication->processRequest()
#28 /home/alex/htdocs/softlab/softlab-web/web/index.arekx.php(13): CApplication->run()
#29 {main}
REQUEST_URI=/alex/softlab/softlab-web/web/index.arekx.php
---
2014/05/25 21:08:11 [error] [exception.CException] exception 'CException' with message 'SiteController cannot find the requested view "//layouts/debug-arekx".' in /home/alex/htdocs/softlab/softlab-web/web/framework/web/CController.php:878
Stack trace:
#0 /home/alex/htdocs/softlab/softlab-web/web/themes/softlab-start/views/layouts/main.php(33): CController->renderPartial('//layouts/debug...')
#1 /home/alex/htdocs/softlab/softlab-web/web/framework/web/CBaseController.php(126): require('/home/alex/htdo...')
#2 /home/alex/htdocs/softlab/softlab-web/web/framework/web/CBaseController.php(95): CBaseController->renderInternal('/home/alex/htdo...', Array, true)
#3 /home/alex/htdocs/softlab/softlab-web/web/framework/web/widgets/CContentDecorator.php(76): CBaseController->renderFile('/home/alex/htdo...', Array, true)
#4 /home/alex/htdocs/softlab/softlab-web/web/framework/web/widgets/CContentDecorator.php(54): CContentDecorator->decorate('<div id="conten...')
#5 /home/alex/htdocs/softlab/softlab-web/web/framework/web/widgets/COutputProcessor.php(44): CContentDecorator->processOutput('<div id="conten...')
#6 /home/alex/htdocs/softlab/softlab-web/web/framework/web/CBaseController.php(206): COutputProcessor->run()
#7 /home/alex/htdocs/softlab/softlab-web/web/framework/web/CBaseController.php(300): CBaseController->endWidget('CContentDecorat...')
#8 /home/alex/htdocs/softlab/softlab-web/web/themes/softlab-start/views/layouts/column1.php(6): CBaseController->endContent()
#9 /home/alex/htdocs/softlab/softlab-web/web/framework/web/CBaseController.php(126): require('/home/alex/htdo...')
#10 /home/alex/htdocs/softlab/softlab-web/web/framework/web/CBaseController.php(95): CBaseController->renderInternal('/home/alex/htdo...', Array, true)
#11 /home/alex/htdocs/softlab/softlab-web/web/framework/web/CController.php(784): CBaseController->renderFile('/home/alex/htdo...', Array, true)
#12 /home/alex/htdocs/softlab/softlab-web/web/protected/controllers/SiteController.php(32): CController->render('index')
#13 /home/alex/htdocs/softlab/softlab-web/web/framework/web/actions/CInlineAction.php(49): SiteController->actionIndex()
#14 /home/alex/htdocs/softlab/softlab-web/web/framework/web/CController.php(308): CInlineAction->runWithParams(Array)
#15 /home/alex/htdocs/softlab/softlab-web/web/framework/web/CController.php(286): CController->runAction(Object(CInlineAction))
#16 /home/alex/htdocs/softlab/softlab-web/web/framework/web/CController.php(265): CController->runActionWithFilters(Object(CInlineAction), Array)
#17 /home/alex/htdocs/softlab/softlab-web/web/framework/web/CWebApplication.php(282): CController->run('')
#18 /home/alex/htdocs/softlab/softlab-web/web/framework/web/CWebApplication.php(141): CWebApplication->runController('')
#19 /home/alex/htdocs/softlab/softlab-web/web/framework/base/CApplication.php(180): CWebApplication->processRequest()
#20 /home/alex/htdocs/softlab/softlab-web/web/index.arekx.php(18): CApplication->run()
#21 {main}
REQUEST_URI=/alex/softlab/softlab-web/web/index.arekx.php
---
2014/05/25 21:08:15 [error] [exception.CException] exception 'CException' with message 'SiteController cannot find the requested view "".' in /home/alex/htdocs/softlab/softlab-web/web/framework/web/CController.php:878
Stack trace:
#0 /home/alex/htdocs/softlab/softlab-web/web/themes/softlab-start/views/layouts/main.php(33): CController->renderPartial(NULL)
#1 /home/alex/htdocs/softlab/softlab-web/web/framework/web/CBaseController.php(126): require('/home/alex/htdo...')
#2 /home/alex/htdocs/softlab/softlab-web/web/framework/web/CBaseController.php(95): CBaseController->renderInternal('/home/alex/htdo...', Array, true)
#3 /home/alex/htdocs/softlab/softlab-web/web/framework/web/widgets/CContentDecorator.php(76): CBaseController->renderFile('/home/alex/htdo...', Array, true)
#4 /home/alex/htdocs/softlab/softlab-web/web/framework/web/widgets/CContentDecorator.php(54): CContentDecorator->decorate('<div id="conten...')
#5 /home/alex/htdocs/softlab/softlab-web/web/framework/web/widgets/COutputProcessor.php(44): CContentDecorator->processOutput('<div id="conten...')
#6 /home/alex/htdocs/softlab/softlab-web/web/framework/web/CBaseController.php(206): COutputProcessor->run()
#7 /home/alex/htdocs/softlab/softlab-web/web/framework/web/CBaseController.php(300): CBaseController->endWidget('CContentDecorat...')
#8 /home/alex/htdocs/softlab/softlab-web/web/themes/softlab-start/views/layouts/column1.php(6): CBaseController->endContent()
#9 /home/alex/htdocs/softlab/softlab-web/web/framework/web/CBaseController.php(126): require('/home/alex/htdo...')
#10 /home/alex/htdocs/softlab/softlab-web/web/framework/web/CBaseController.php(95): CBaseController->renderInternal('/home/alex/htdo...', Array, true)
#11 /home/alex/htdocs/softlab/softlab-web/web/framework/web/CController.php(784): CBaseController->renderFile('/home/alex/htdo...', Array, true)
#12 /home/alex/htdocs/softlab/softlab-web/web/protected/controllers/SiteController.php(32): CController->render('index')
#13 /home/alex/htdocs/softlab/softlab-web/web/framework/web/actions/CInlineAction.php(49): SiteController->actionIndex()
#14 /home/alex/htdocs/softlab/softlab-web/web/framework/web/CController.php(308): CInlineAction->runWithParams(Array)
#15 /home/alex/htdocs/softlab/softlab-web/web/framework/web/CController.php(286): CController->runAction(Object(CInlineAction))
#16 /home/alex/htdocs/softlab/softlab-web/web/framework/web/CController.php(265): CController->runActionWithFilters(Object(CInlineAction), Array)
#17 /home/alex/htdocs/softlab/softlab-web/web/framework/web/CWebApplication.php(282): CController->run('')
#18 /home/alex/htdocs/softlab/softlab-web/web/framework/web/CWebApplication.php(141): CWebApplication->runController('')
#19 /home/alex/htdocs/softlab/softlab-web/web/framework/base/CApplication.php(180): CWebApplication->processRequest()
#20 /home/alex/htdocs/softlab/softlab-web/web/index.igolub.php(18): CApplication->run()
#21 {main}
REQUEST_URI=/alex/softlab/softlab-web/web/index.igolub.php
---
2014/05/25 21:08:51 [error] [exception.CException] exception 'CException' with message 'SiteController cannot find the requested view "//layouts/debug-arekx".' in /home/alex/htdocs/softlab/softlab-web/web/framework/web/CController.php:878
Stack trace:
#0 /home/alex/htdocs/softlab/softlab-web/web/themes/softlab-start/views/layouts/main.php(33): CController->renderPartial('//layouts/debug...')
#1 /home/alex/htdocs/softlab/softlab-web/web/framework/web/CBaseController.php(126): require('/home/alex/htdo...')
#2 /home/alex/htdocs/softlab/softlab-web/web/framework/web/CBaseController.php(95): CBaseController->renderInternal('/home/alex/htdo...', Array, true)
#3 /home/alex/htdocs/softlab/softlab-web/web/framework/web/widgets/CContentDecorator.php(76): CBaseController->renderFile('/home/alex/htdo...', Array, true)
#4 /home/alex/htdocs/softlab/softlab-web/web/framework/web/widgets/CContentDecorator.php(54): CContentDecorator->decorate('<div id="conten...')
#5 /home/alex/htdocs/softlab/softlab-web/web/framework/web/widgets/COutputProcessor.php(44): CContentDecorator->processOutput('<div id="conten...')
#6 /home/alex/htdocs/softlab/softlab-web/web/framework/web/CBaseController.php(206): COutputProcessor->run()
#7 /home/alex/htdocs/softlab/softlab-web/web/framework/web/CBaseController.php(300): CBaseController->endWidget('CContentDecorat...')
#8 /home/alex/htdocs/softlab/softlab-web/web/themes/softlab-start/views/layouts/column1.php(6): CBaseController->endContent()
#9 /home/alex/htdocs/softlab/softlab-web/web/framework/web/CBaseController.php(126): require('/home/alex/htdo...')
#10 /home/alex/htdocs/softlab/softlab-web/web/framework/web/CBaseController.php(95): CBaseController->renderInternal('/home/alex/htdo...', Array, true)
#11 /home/alex/htdocs/softlab/softlab-web/web/framework/web/CController.php(784): CBaseController->renderFile('/home/alex/htdo...', Array, true)
#12 /home/alex/htdocs/softlab/softlab-web/web/protected/controllers/SiteController.php(32): CController->render('index')
#13 /home/alex/htdocs/softlab/softlab-web/web/framework/web/actions/CInlineAction.php(49): SiteController->actionIndex()
#14 /home/alex/htdocs/softlab/softlab-web/web/framework/web/CController.php(308): CInlineAction->runWithParams(Array)
#15 /home/alex/htdocs/softlab/softlab-web/web/framework/web/CController.php(286): CController->runAction(Object(CInlineAction))
#16 /home/alex/htdocs/softlab/softlab-web/web/framework/web/CController.php(265): CController->runActionWithFilters(Object(CInlineAction), Array)
#17 /home/alex/htdocs/softlab/softlab-web/web/framework/web/CWebApplication.php(282): CController->run('')
#18 /home/alex/htdocs/softlab/softlab-web/web/framework/web/CWebApplication.php(141): CWebApplication->runController('')
#19 /home/alex/htdocs/softlab/softlab-web/web/framework/base/CApplication.php(180): CWebApplication->processRequest()
#20 /home/alex/htdocs/softlab/softlab-web/web/index.arekx.php(18): CApplication->run()
#21 {main}
REQUEST_URI=/alex/softlab/softlab-web/web/index.arekx.php
---
2014/05/25 21:08:51 [error] [exception.CException] exception 'CException' with message 'SiteController cannot find the requested view "//layouts/debug-arekx".' in /home/alex/htdocs/softlab/softlab-web/web/framework/web/CController.php:878
Stack trace:
#0 /home/alex/htdocs/softlab/softlab-web/web/themes/softlab-start/views/layouts/main.php(33): CController->renderPartial('//layouts/debug...')
#1 /home/alex/htdocs/softlab/softlab-web/web/framework/web/CBaseController.php(126): require('/home/alex/htdo...')
#2 /home/alex/htdocs/softlab/softlab-web/web/framework/web/CBaseController.php(95): CBaseController->renderInternal('/home/alex/htdo...', Array, true)
#3 /home/alex/htdocs/softlab/softlab-web/web/framework/web/widgets/CContentDecorator.php(76): CBaseController->renderFile('/home/alex/htdo...', Array, true)
#4 /home/alex/htdocs/softlab/softlab-web/web/framework/web/widgets/CContentDecorator.php(54): CContentDecorator->decorate('<div id="conten...')
#5 /home/alex/htdocs/softlab/softlab-web/web/framework/web/widgets/COutputProcessor.php(44): CContentDecorator->processOutput('<div id="conten...')
#6 /home/alex/htdocs/softlab/softlab-web/web/framework/web/CBaseController.php(206): COutputProcessor->run()
#7 /home/alex/htdocs/softlab/softlab-web/web/framework/web/CBaseController.php(300): CBaseController->endWidget('CContentDecorat...')
#8 /home/alex/htdocs/softlab/softlab-web/web/themes/softlab-start/views/layouts/column1.php(6): CBaseController->endContent()
#9 /home/alex/htdocs/softlab/softlab-web/web/framework/web/CBaseController.php(126): require('/home/alex/htdo...')
#10 /home/alex/htdocs/softlab/softlab-web/web/framework/web/CBaseController.php(95): CBaseController->renderInternal('/home/alex/htdo...', Array, true)
#11 /home/alex/htdocs/softlab/softlab-web/web/framework/web/CController.php(784): CBaseController->renderFile('/home/alex/htdo...', Array, true)
#12 /home/alex/htdocs/softlab/softlab-web/web/protected/controllers/SiteController.php(32): CController->render('index')
#13 /home/alex/htdocs/softlab/softlab-web/web/framework/web/actions/CInlineAction.php(49): SiteController->actionIndex()
#14 /home/alex/htdocs/softlab/softlab-web/web/framework/web/CController.php(308): CInlineAction->runWithParams(Array)
#15 /home/alex/htdocs/softlab/softlab-web/web/framework/web/CController.php(286): CController->runAction(Object(CInlineAction))
#16 /home/alex/htdocs/softlab/softlab-web/web/framework/web/CController.php(265): CController->runActionWithFilters(Object(CInlineAction), Array)
#17 /home/alex/htdocs/softlab/softlab-web/web/framework/web/CWebApplication.php(282): CController->run('')
#18 /home/alex/htdocs/softlab/softlab-web/web/framework/web/CWebApplication.php(141): CWebApplication->runController('')
#19 /home/alex/htdocs/softlab/softlab-web/web/framework/base/CApplication.php(180): CWebApplication->processRequest()
#20 /home/alex/htdocs/softlab/softlab-web/web/index.arekx.php(18): CApplication->run()
#21 {main}
REQUEST_URI=/alex/softlab/softlab-web/web/index.arekx.php
---
